<?xml version="1.0" encoding="UTF-8" standalone="no"?>
<testsuite errors="0" failures="1" name="io.cucumber.core.plugin.JUnitFormatter" skipped="0" tests="1" time="34.253">
    <testcase classname="register yapabilmeli" name="uygun datalarla register olabilmeli" time="33.889">
        <failure message="Unable to find element with locator By.xpath: //*[text()='Welcome to your account. Here you can manage all of your personal information and orders.']&#10;For documentation on this error, please visit: https://selenium.dev/exceptions/#no_such_element&#10;Build info: version: '4.1.3', revision: '7b1ebf28ef'&#10;System info: host: 'DESKTOP-L54O7G3', ip: '192.168.1.126', os.name: 'Windows 10', os.arch: 'amd64', os.version: '10.0', java.version: '11.0.13'&#10;Driver info: driver.version: RemoteWebDriver" type="org.openqa.selenium.NoSuchElementException">
            <![CDATA[Given kullanici "automationUrl" anasayfasinda...............................passed
And kullanici sign in linkine tiklar........................................passed
And kullanici Create and account bolumune email adresi girer................passed
And Create and account butonuna basar.......................................passed
And kullanici kisisel bilgilerini ve iletisim bilgilerini girer.............passed
And kullanici register butonuna basar.......................................passed
And hesap olustugunu dogrular...............................................failed
And sayfayi kapatir.........................................................skipped

StackTrace:
org.openqa.selenium.NoSuchElementException: Unable to find element with locator By.xpath: //*[text()='Welcome to your account. Here you can manage all of your personal information and orders.']
For documentation on this error, please visit: https://selenium.dev/exceptions/#no_such_element
Build info: version: '4.1.3', revision: '7b1ebf28ef'
System info: host: 'DESKTOP-L54O7G3', ip: '192.168.1.126', os.name: 'Windows 10', os.arch: 'amd64', os.version: '10.0', java.version: '11.0.13'
Driver info: driver.version: RemoteWebDriver
	at org.openqa.selenium.remote.ElementLocation$ElementFinder$2.findElement(ElementLocation.java:165)
	at org.openqa.selenium.remote.ElementLocation.findElement(ElementLocation.java:60)
	at org.openqa.selenium.remote.RemoteWebDriver.findElement(RemoteWebDriver.java:385)
	at org.openqa.selenium.remote.RemoteWebDriver.findElement(RemoteWebDriver.java:377)
	at org.openqa.selenium.support.pagefactory.DefaultElementLocator.findElement(DefaultElementLocator.java:70)
	at org.openqa.selenium.support.pagefactory.internal.LocatingElementHandler.invoke(LocatingElementHandler.java:39)
	at com.sun.proxy.$Proxy22.isDisplayed(Unknown Source)
	at stepDefinitions.AutoStepDef.hesap_olustugunu_dogrular(AutoStepDef.java:76)
	at ✽.hesap olustugunu dogrular(file:///C:/Users/büşra/AppData/Local/Temp/_cucumber_/src/test/resources/features/automation.feature:11)
]]>
        </failure>
    </testcase>
</testsuite>
